#
# There is insufficient memory for the Java Runtime Environment to continue.
# Native memory allocation (mmap) failed to map 264241152 bytes for G1 virtual space
# Possible reasons:
#   The system is out of physical RAM or swap space
#   The process is running with CompressedOops enabled, and the Java Heap may be blocking the growth of the native heap
# Possible solutions:
#   Reduce memory load on the system
#   Increase physical memory or swap space
#   Check if swap backing store is full
#   Decrease Java heap size (-Xmx/-Xms)
#   Decrease number of Java threads
#   Decrease Java thread stack sizes (-Xss)
#   Set larger code cache with -XX:ReservedCodeCacheSize=
#   JVM is running with Zero Based Compressed Oops mode in which the Java heap is
#     placed in the first 32GB address space. The Java Heap base address is the
#     maximum limit for the native heap growth. Please use -XX:HeapBaseMinAddress
#     to set the Java Heap base and to place the Java Heap above 32GB virtual address.
# This output file may be truncated or incomplete.
#
#  Out of Memory Error (os_windows.cpp:3548), pid=19956, tid=35828
#
# JRE version:  (17.0.12+8) (build )
# Java VM: Java HotSpot(TM) 64-Bit Server VM (17.0.12+8-LTS-286, mixed mode, sharing, tiered, compressed oops, compressed class ptrs, g1 gc, windows-amd64)
# No core dump will be written. Minidumps are not enabled by default on client versions of Windows
#

---------------  S U M M A R Y ------------

Command Line: -Dclassworlds.conf=C:\Maven\MAVEN\bin\m2.conf -Dmaven.home=C:\Maven\MAVEN -Dlibrary.jansi.path=C:\Maven\MAVEN\lib\jansi-native -Dmaven.multiModuleProjectDirectory=C:\Users\bhara\OneDrive\Desktop\internship\ewaste-backend org.codehaus.plexus.classworlds.launcher.Launcher spring-boot:run

Host: 13th Gen Intel(R) Core(TM) i5-1334U, 12 cores, 15G,  Windows 11 , 64 bit Build 26100 (10.0.26100.6725)
Time: Mon Nov 17 01:23:15 2025 India Standard Time elapsed time: 2.090907 seconds (0d 0h 0m 2s)

---------------  T H R E A D  ---------------

Current thread (0x000001cafb96f9b0):  JavaThread "Unknown thread" [_thread_in_vm, id=35828, stack(0x000000c467a00000,0x000000c467b00000)]

Stack: [0x000000c467a00000,0x000000c467b00000]
Native frames: (J=compiled Java code, j=interpreted, Vv=VM code, C=native code)
V  [jvm.dll+0x67a04a]
V  [jvm.dll+0x7da4ed]
V  [jvm.dll+0x7dbe33]
V  [jvm.dll+0x7dc4a3]
V  [jvm.dll+0x24508f]
V  [jvm.dll+0x677089]
V  [jvm.dll+0x66bd32]
V  [jvm.dll+0x301fa6]
V  [jvm.dll+0x309546]
V  [jvm.dll+0x359d2e]
V  [jvm.dll+0x359f5f]
V  [jvm.dll+0x2d9078]
V  [jvm.dll+0x2d9fe4]
V  [jvm.dll+0x7aca21]
V  [jvm.dll+0x367591]
V  [jvm.dll+0x78b999]
V  [jvm.dll+0x3ec83f]
V  [jvm.dll+0x3ee471]
C  [jli.dll+0x5297]
C  [ucrtbase.dll+0x37b0]
C  [KERNEL32.DLL+0x2e8d7]
C  [ntdll.dll+0x8c53c]


---------------  P R O C E S S  ---------------

Threads class SMR info:
_java_thread_list=0x00007ff851197a18, length=0, elements={
}

Java Threads: ( => current thread )

Other Threads:
  0x000001cafb9da4f0 GCTaskThread "GC Thread#0" [stack: 0x000000c467b00000,0x000000c467c00000] [id=7384]
  0x000001cafb9ed3d0 ConcurrentGCThread "G1 Main Marker" [stack: 0x000000c467c00000,0x000000c467d00000] [id=16884]
  0x000001cafb9eedf0 ConcurrentGCThread "G1 Conc#0" [stack: 0x000000c467d00000,0x000000c467e00000] [id=35168]

[error occurred during error reporting (printing all threads), id 0xc0000005, EXCEPTION_ACCESS_VIOLATION (0xc0000005) at pc=0x00007ff8509c9b67]

VM state: not at safepoint (not fully initialized)

VM Mutex/Monitor currently owned by a thread:  ([mutex/lock_event])
[0x000001cafb96c2b0] Heap_lock - owner thread: 0x000001cafb96f9b0

Heap address: 0x0000000704e00000, size: 4018 MB, Compressed Oops mode: Zero based, Oop shift amount: 3

CDS archive(s) mapped at: [0x0000000000000000-0x0000000000000000-0x0000000000000000), size 0, SharedBaseAddress: 0x0000000800000000, ArchiveRelocationMode: 1.
Narrow klass base: 0x0000000000000000, Narrow klass shift: 0, Narrow klass range: 0x0

GC Precious Log:
<Empty>

Heap:
 garbage-first heap   total 0K, used 0K [0x0000000704e00000, 0x0000000800000000)
  region size 2048K, 0 young (0K), 0 survivors (0K)

[error occurred during error reporting (printing heap information), id 0xc0000005, EXCEPTION_ACCESS_VIOLATION (0xc0000005) at pc=0x00007ff850db3859]

GC Heap History (0 events):
No events

Deoptimization events (0 events):
No events

Classes unloaded (0 events):
No events

Classes redefined (0 events):
No events

Internal exceptions (0 events):
No events

VM Operations (0 events):
No events

Events (1 events):
Event: 0.050 Loaded shared library C:\Program Files\Java\jdk-17\bin\java.dll


Dynamic libraries:
0x00007ff6fce00000 - 0x00007ff6fce10000 	C:\Program Files\Java\jdk-17\bin\java.exe
0x00007ff8e0700000 - 0x00007ff8e0968000 	C:\WINDOWS\SYSTEM32\ntdll.dll
0x00007ff8df280000 - 0x00007ff8df349000 	C:\WINDOWS\System32\KERNEL32.DLL
0x00007ff8ddc50000 - 0x00007ff8de042000 	C:\WINDOWS\System32\KERNELBASE.dll
0x00007ff8dd980000 - 0x00007ff8ddacb000 	C:\WINDOWS\System32\ucrtbase.dll
0x00007ff8c3e60000 - 0x00007ff8c3e79000 	C:\Program Files\Java\jdk-17\bin\jli.dll
0x00007ff8df8a0000 - 0x00007ff8df954000 	C:\WINDOWS\System32\ADVAPI32.dll
0x00007ff8bd0d0000 - 0x00007ff8bd0eb000 	C:\Program Files\Java\jdk-17\bin\VCRUNTIME140.dll
0x00007ff8df600000 - 0x00007ff8df6a9000 	C:\WINDOWS\System32\msvcrt.dll
0x00007ff8df1d0000 - 0x00007ff8df276000 	C:\WINDOWS\System32\sechost.dll
0x00007ff8de8d0000 - 0x00007ff8de9e8000 	C:\WINDOWS\System32\RPCRT4.dll
0x00007ff8dfe80000 - 0x00007ff8e0045000 	C:\WINDOWS\System32\USER32.dll
0x00007ff8dd890000 - 0x00007ff8dd8b7000 	C:\WINDOWS\System32\win32u.dll
0x00007ff8c10a0000 - 0x00007ff8c1333000 	C:\WINDOWS\WinSxS\amd64_microsoft.windows.common-controls_6595b64144ccf1df_6.0.26100.6899_none_3e0efeeae32e88c1\COMCTL32.dll
0x00007ff8df430000 - 0x00007ff8df45b000 	C:\WINDOWS\System32\GDI32.dll
0x00007ff8de180000 - 0x00007ff8de2ad000 	C:\WINDOWS\System32\gdi32full.dll
0x00007ff8de420000 - 0x00007ff8de4c3000 	C:\WINDOWS\System32\msvcp_win.dll
0x00007ff8c6760000 - 0x00007ff8c676b000 	C:\WINDOWS\SYSTEM32\VERSION.dll
0x00007ff8de890000 - 0x00007ff8de8bf000 	C:\WINDOWS\System32\IMM32.DLL
0x00007ff8ceec0000 - 0x00007ff8ceecc000 	C:\Program Files\Java\jdk-17\bin\vcruntime140_1.dll
0x00007ff88de90000 - 0x00007ff88df1e000 	C:\Program Files\Java\jdk-17\bin\msvcp140.dll
0x00007ff8506e0000 - 0x00007ff8512c0000 	C:\Program Files\Java\jdk-17\bin\server\jvm.dll
0x00007ff8df460000 - 0x00007ff8df468000 	C:\WINDOWS\System32\PSAPI.DLL
0x00007ff8d81c0000 - 0x00007ff8d81f5000 	C:\WINDOWS\SYSTEM32\WINMM.dll
0x00007ff8cdbc0000 - 0x00007ff8cdbca000 	C:\WINDOWS\SYSTEM32\WSOCK32.dll
0x00007ff8de4e0000 - 0x00007ff8de554000 	C:\WINDOWS\System32\WS2_32.dll
0x00007ff8dc660000 - 0x00007ff8dc67b000 	C:\WINDOWS\SYSTEM32\kernel.appcore.dll
0x00007ff8c5840000 - 0x00007ff8c584a000 	C:\Program Files\Java\jdk-17\bin\jimage.dll
0x00007ff8daee0000 - 0x00007ff8db122000 	C:\WINDOWS\SYSTEM32\DBGHELP.DLL
0x00007ff8dfa00000 - 0x00007ff8dfd7b000 	C:\WINDOWS\System32\combase.dll
0x00007ff8df350000 - 0x00007ff8df427000 	C:\WINDOWS\System32\OLEAUT32.dll
0x00007ff8c16f0000 - 0x00007ff8c172c000 	C:\WINDOWS\SYSTEM32\dbgcore.DLL
0x00007ff8de050000 - 0x00007ff8de0e8000 	C:\WINDOWS\System32\bcryptPrimitives.dll
0x00007ff8bb210000 - 0x00007ff8bb235000 	C:\Program Files\Java\jdk-17\bin\java.dll

dbghelp: loaded successfully - version: 4.0.5 - missing functions: none
symbol engine: initialized successfully - sym options: 0x614 - pdb path: .;C:\Program Files\Java\jdk-17\bin;C:\WINDOWS\SYSTEM32;C:\WINDOWS\WinSxS\amd64_microsoft.windows.common-controls_6595b64144ccf1df_6.0.26100.6899_none_3e0efeeae32e88c1;C:\Program Files\Java\jdk-17\bin\server

VM Arguments:
jvm_args: -Dclassworlds.conf=C:\Maven\MAVEN\bin\m2.conf -Dmaven.home=C:\Maven\MAVEN -Dlibrary.jansi.path=C:\Maven\MAVEN\lib\jansi-native -Dmaven.multiModuleProjectDirectory=C:\Users\bhara\OneDrive\Desktop\internship\ewaste-backend 
java_command: org.codehaus.plexus.classworlds.launcher.Launcher spring-boot:run
java_class_path (initial): C:\Maven\MAVEN\boot\plexus-classworlds-2.9.0.jar
Launcher Type: SUN_STANDARD

[Global flags]
     intx CICompilerCount                          = 4                                         {product} {ergonomic}
     uint ConcGCThreads                            = 3                                         {product} {ergonomic}
     uint G1ConcRefinementThreads                  = 10                                        {product} {ergonomic}
   size_t G1HeapRegionSize                         = 2097152                                   {product} {ergonomic}
    uintx GCDrainStackTargetSize                   = 64                                        {product} {ergonomic}
   size_t InitialHeapSize                          = 264241152                                 {product} {ergonomic}
   size_t MarkStackSize                            = 4194304                                   {product} {ergonomic}
   size_t MaxHeapSize                              = 4213178368                                {product} {ergonomic}
   size_t MinHeapDeltaBytes                        = 2097152                                   {product} {ergonomic}
   size_t MinHeapSize                              = 8388608                                   {product} {ergonomic}
    uintx NonNMethodCodeHeapSize                   = 5839372                                {pd product} {ergonomic}
    uintx NonProfiledCodeHeapSize                  = 122909434                              {pd product} {ergonomic}
    uintx ProfiledCodeHeapSize                     = 122909434                              {pd product} {ergonomic}
    uintx ReservedCodeCacheSize                    = 251658240                              {pd product} {ergonomic}
     bool SegmentedCodeCache                       = true                                      {product} {ergonomic}
   size_t SoftMaxHeapSize                          = 4213178368                             {manageable} {ergonomic}
     bool UseCompressedClassPointers               = true                           {product lp64_product} {ergonomic}
     bool UseCompressedOops                        = true                           {product lp64_product} {ergonomic}
     bool UseG1GC                                  = true                                      {product} {ergonomic}
     bool UseLargePagesIndividualAllocation        = false                                  {pd product} {ergonomic}

Logging:
Log output configuration:
 #0: stdout all=warning uptime,level,tags
 #1: stderr all=off uptime,level,tags

Environment Variables:
JAVA_HOME=C:\Program Files\Java\jdk-17
PATH=C:\Python313\Scripts\;C:\Python313\;C:\Program Files\Common Files\Oracle\Java\javapath;C:\Users\bhara\Downloads\jdk-24_windows-x64_bin.zip\jdk-24.0.1\bin;C:\Program Files (x86)\Common Files\Oracle\Java\javapath;C:\WINDOWS\system32;C:\WINDOWS;C:\WINDOWS\System32\Wbem;C:\WINDOWS\System32\WindowsPowerShell\v1.0\;C:\WINDOWS\System32\OpenSSH\;C:\Program Files\dotnet\;C:\Program Files\Java\jdk-24\bin;C:\Program Files\nodejs\;C:\ProgramData\chocolatey\bin;C:\Program Files\Git\cmd;C:\Program Files\MySQL\MySQL Shell 8.0\bin\;C:\Users\bhara\AppData\Local\Programs\Python\Python312\Scripts\;C:\Users\bhara\AppData\Local\Programs\Python\Python312\;C:\Users\bhara\AppData\Local\Microsoft\WindowsApps;C:\Users\bhara\AppData\Local\Programs\Microsoft VS Code\bin;C:\Users\bhara\AppData\Roaming\npm;C:\Maven\MAVEN\bin;C:\Program Files\Java\jdk-17\bin;
USERNAME=bhara
OS=Windows_NT
PROCESSOR_IDENTIFIER=Intel64 Family 6 Model 186 Stepping 3, GenuineIntel



---------------  S Y S T E M  ---------------

OS:
 Windows 11 , 64 bit Build 26100 (10.0.26100.6725)
OS uptime: 19 days 23:44 hours
Hyper-V role detected

CPU: total 12 (initial active 12) (6 cores per cpu, 2 threads per core) family 6 model 186 stepping 3 microcode 0x4128, cx8, cmov, fxsr, ht, mmx, 3dnowpref, sse, sse2, sse3, ssse3, sse4.1, sse4.2, popcnt, lzcnt, tsc, tscinvbit, avx, avx2, aes, erms, clmul, bmi1, bmi2, adx, sha, fma, vzeroupper, clflush, clflushopt, clwb, hv

Memory: 4k page, system-wide physical 16068M (2279M free)
TotalPageFile size 65220M (AvailPageFile size 12M)
current process WorkingSet (physical memory assigned to process): 12M, peak: 12M
current process commit charge ("private bytes"): 64M, peak: 316M

vm_info: Java HotSpot(TM) 64-Bit Server VM (17.0.12+8-LTS-286) for windows-amd64 JRE (17.0.12+8-LTS-286), built on Jun  5 2024 06:46:59 by "mach5one" with MS VC++ 17.6 (VS2022)

END.
